2024-03-04 17:16:07 | INFO     | PID:17980 | TID:10368 | sqlalchemy.engine.Engine | _execute_context:1844 - select pg_catalog.version()
2024-03-04 17:16:07 | INFO     | PID:17980 | TID:10368 | sqlalchemy.engine.Engine | _execute_context:1844 - select pg_catalog.version()
2024-03-04 17:16:07 | INFO     | PID:17980 | TID:10368 | sqlalchemy.engine.Engine | _execute_context:1844 - [raw sql] ()
2024-03-04 17:16:07 | INFO     | PID:17980 | TID:10368 | sqlalchemy.engine.Engine | _execute_context:1844 - [raw sql] ()
2024-03-04 17:16:07 | INFO     | PID:17980 | TID:10368 | sqlalchemy.engine.Engine | _execute_context:1844 - select current_schema()
2024-03-04 17:16:07 | INFO     | PID:17980 | TID:10368 | sqlalchemy.engine.Engine | _execute_context:1844 - select current_schema()
2024-03-04 17:16:07 | INFO     | PID:17980 | TID:10368 | sqlalchemy.engine.Engine | _execute_context:1844 - [raw sql] ()
2024-03-04 17:16:07 | INFO     | PID:17980 | TID:10368 | sqlalchemy.engine.Engine | _execute_context:1844 - [raw sql] ()
2024-03-04 17:16:07 | INFO     | PID:17980 | TID:10368 | sqlalchemy.engine.Engine | _execute_context:1844 - show standard_conforming_strings
2024-03-04 17:16:07 | INFO     | PID:17980 | TID:10368 | sqlalchemy.engine.Engine | _execute_context:1844 - show standard_conforming_strings
2024-03-04 17:16:07 | INFO     | PID:17980 | TID:10368 | sqlalchemy.engine.Engine | _execute_context:1844 - [raw sql] ()
2024-03-04 17:16:07 | INFO     | PID:17980 | TID:10368 | sqlalchemy.engine.Engine | _execute_context:1844 - [raw sql] ()
2024-03-04 17:16:07 | INFO     | PID:17980 | TID:10368 | sqlalchemy.engine.Engine | _connection_begin_impl:2685 - BEGIN (implicit)
2024-03-04 17:16:07 | INFO     | PID:17980 | TID:10368 | sqlalchemy.engine.Engine | _connection_begin_impl:2685 - BEGIN (implicit)
2024-03-04 17:16:07 | INFO     | PID:17980 | TID:10368 | sqlalchemy.engine.Engine | _execute_context:1844 - SELECT pg_catalog.pg_class.relname 
FROM pg_catalog.pg_class JOIN pg_catalog.pg_namespace ON pg_catalog.pg_namespace.oid = pg_catalog.pg_class.relnamespace 
WHERE pg_catalog.pg_class.relname = $1::VARCHAR AND pg_catalog.pg_class.relkind = ANY (ARRAY[$2::VARCHAR, $3::VARCHAR, $4::VARCHAR, $5::VARCHAR, $6::VARCHAR]) AND pg_catalog.pg_table_is_visible(pg_catalog.pg_class.oid) AND pg_catalog.pg_namespace.nspname != $7::VARCHAR
2024-03-04 17:16:07 | INFO     | PID:17980 | TID:10368 | sqlalchemy.engine.Engine | _execute_context:1844 - SELECT pg_catalog.pg_class.relname 
FROM pg_catalog.pg_class JOIN pg_catalog.pg_namespace ON pg_catalog.pg_namespace.oid = pg_catalog.pg_class.relnamespace 
WHERE pg_catalog.pg_class.relname = $1::VARCHAR AND pg_catalog.pg_class.relkind = ANY (ARRAY[$2::VARCHAR, $3::VARCHAR, $4::VARCHAR, $5::VARCHAR, $6::VARCHAR]) AND pg_catalog.pg_table_is_visible(pg_catalog.pg_class.oid) AND pg_catalog.pg_namespace.nspname != $7::VARCHAR
2024-03-04 17:16:07 | INFO     | PID:17980 | TID:10368 | sqlalchemy.engine.Engine | _execute_context:1844 - [generated in 0.00078s] ('account', 'r', 'p', 'f', 'v', 'm', 'pg_catalog')
2024-03-04 17:16:07 | INFO     | PID:17980 | TID:10368 | sqlalchemy.engine.Engine | _execute_context:1844 - [generated in 0.00078s] ('account', 'r', 'p', 'f', 'v', 'm', 'pg_catalog')
2024-03-04 17:16:07 | INFO     | PID:17980 | TID:10368 | sqlalchemy.engine.Engine | _connection_commit_impl:2691 - COMMIT
2024-03-04 17:16:07 | INFO     | PID:17980 | TID:10368 | sqlalchemy.engine.Engine | _connection_commit_impl:2691 - COMMIT
